+ ./mcano
1CANONICAL CORRELATION ....ex_1  

   NO. OF OBSERVATIONS          23
   NO. OF LEFT HAND VARIABLES    4
   NO. OF RIGHT HAND VARIABLES   3

   191.0000  155.0000   65.0000   19.0000  179.0000  145.0000   70.0000
   195.0000  149.0000   70.0000   20.0000  201.0000  152.0000   69.0000
   181.0000  148.0000   71.0000   19.0000  185.0000  149.0000   75.0000
   183.0000  153.0000   82.0000   18.0000  188.0000  149.0000   86.0000
   176.0000  144.0000   67.0000   18.0000  171.0000  142.0000   71.0000
   208.0000  157.0000   81.0000   22.0000  192.0000  152.0000   77.0000
   189.0000  150.0000   75.0000   21.0000  190.0000  149.0000   72.0000
   197.0000  159.0000   90.0000   20.0000  189.0000  152.0000   82.0000
   188.0000  152.0000   76.0000   19.0000  197.0000  159.0000   84.0000
   192.0000  150.0000   78.0000   20.0000  187.0000  151.0000   72.0000
   179.0000  158.0000   99.0000   18.0000  186.0000  148.0000   89.0000
   183.0000  147.0000   65.0000   18.0000  174.0000  147.0000   70.0000
   174.0000  150.0000   71.0000   19.0000  185.0000  152.0000   65.0000
   190.0000  159.0000   91.0000   19.0000  195.0000  157.0000   99.0000
   188.0000  151.0000   98.0000   20.0000  187.0000  158.0000   87.0000
   163.0000  137.0000   59.0000   18.0000  161.0000  130.0000   63.0000
   195.0000  155.0000   85.0000   20.0000  183.0000  158.0000   81.0000
   196.0000  153.0000   80.0000   21.0000  173.0000  148.0000   74.0000
   181.0000  145.0000   77.0000   20.0000  182.0000  146.0000   70.0000
   175.0000  140.0000   70.0000   19.0000  165.0000  137.0000   81.0000
   192.0000  154.0000   69.0000   20.0000  185.0000  152.0000   63.0000
   174.0000  143.0000   79.0000   20.0000  178.0000  147.0000   73.0000
   176.0000  139.0000   70.0000   20.0000  176.0000  143.0000   69.0000
0MEANS
      185.47826      149.91304       76.86957       19.47826      183.00000      148.82608       75.73913
0STANDARD DEVIATIONS
       10.10342        6.31674       10.46338        1.08165        9.84424        6.73965        9.05648
0CORRELATION COEFFICIENTS
0ROW  1
     1.00000      .74852      .37082      .66441      .62291      .66080      .24683
0ROW  2
      .74852     1.00000      .63252      .22590      .66811      .72780      .53194
0ROW  3
      .37082      .63252     1.00000      .20657      .47394      .60169      .79684
0ROW  4
      .66441      .22590      .20657     1.00000      .32870      .34863     -.10733
0ROW  5
      .62291      .66811      .47394      .32870     1.00000      .82555      .39258
0ROW  6
      .66080      .72780      .60169      .34863      .82555     1.00000      .47657
0ROW  7
      .24683      .53194      .79684     -.10733      .39258      .47657     1.00000
0DET(R11) =      .84898E-1
0

   NUMBER OF       LARGEST       CORRESPONDING                               DEGREES
  EIGENVALUES     EIGENVALUE       CANONICAL       LAMBDA     CHI-SQUARE       OF
    REMOVED       REMAINING       CORRELATION                                FREEDOM

       0             .79881          .89376        .11598      40.93296        12
       1             .41910          .64738        .57644      10.46680         6
       2             .00767          .08760        .99233        .14637         2
0
 CANONICAL CORRELATION      .89376
0  COEFFICIENTS FOR LEFT HAND VARIABLES
         .66309        -.16058        1.05822        -.56651
0  COEFFICIENTS FOR RIGHT HAND VARIABLES
        -.02133         .44090         .89730
0
 CANONICAL CORRELATION      .64738
0  COEFFICIENTS FOR LEFT HAND VARIABLES
         .09453        -.83915         .66309        -.64892
0  COEFFICIENTS FOR RIGHT HAND VARIABLES
        -.43841        -.55503         .70692
0
 CANONICAL CORRELATION      .08760
0  COEFFICIENTS FOR LEFT HAND VARIABLES
        -.02686        -.36049         .28824         .32497
0  COEFFICIENTS FOR RIGHT HAND VARIABLES
        -.70325         .70384        -.10028
