1******************************************************
 selection index input data .    3 variates    7 traits
 ******************************************************
  1   HCW                
  2   HFD                
  3           1   6.0 000



 p-matrix

          j         k            covariance

          1         2             0.60000
          1         3             0.90067
          2         2             0.25000
          2         3             0.17320
          3         3             3.00000
          0         0             0.     




  1   HOGGET  WEIGHT                  0.50000
  2   HOGGET  CWW                     7.00000
  3   FIBRE DIAMETER                 -2.51000
  4   ADULT EWE CWW                  15.82000
  5   ADULT EWE WEIGHT                0.18000
  6   NO. LAMBS WEANED               68.52000
  7      1    1   2.22243             0.     



 g-matrix

          j         k            covariance

          1         2             5.60000
          1         3             0.     
          1         4             0.     
          1         5             0.     
          1         6             5.32184
          1         7             0.03347
          2         1             0.     
          2         2             0.     
          2         3             0.08750
          2         4             0.09057
          2         5             0.08854
          2         6             0.     
          2         7             0.     
          3         1             0.     
          3         2             0.     
          3         3             0.09057
          3         4             1.50000
          3         5             0.11456
          3         6             0.     
          3         7             0.     
          1         1             1.80000



 c-matrix

          j         k            covariance

          1         2             2.22243
          1         3             0.     
          1         4             0.     
          1         5             0.     
          1         6             2.30727
          1         7             0.00949
          2         2             5.60000
          2         3             0.     
          2         4             0.     
          2         5             0.     
          2         6             5.32184
          2         7             0.03347
          3         3             0.08750
          3         4             0.09057
          3         5             0.08854
          3         6             0.     
          3         7             0.     
          4         4             1.50000
          4         5             0.11456
          4         6             0.     
          4         7             0.     
          5         5             0.14000
          5         6             0.     
          5         7             0.     
          6         6             7.00000
          6         7             0.09354
          7         7             0.02000
