+ resi3 nznb.lib 
  1  1  1  4
"NZ example - northern boundary"
  4  1  0  0
  25 2 1
  1 "volume" 1 1 0 0 0.03
  2 "stemst" 1 1 0 0 1.0
  3 "branch" 1 1 0 0 1.0
  4 "densty" 1 1 0 0 0.5


 RESI VERSION 3.0

 SELECTION INDEX PROGRAM FOR COMBINED SELECTION WITH RESTRICTION


 njobs =   1
 liop =   1
 miop =   1
 ltr = no. library traits =   4
   eof on file 
  nznb.lib                                                                        

  NZ example - northern boundary                                                                      
  job no =   1
  no. traits =   4
  no. econ. wt. indices =   1
  no. desired gain indices =   0
  no. restricted indices =   0
 nh = no per half sib family =  25
 nf = no per full sib family =   2
 no = no per progeny test group =   1
trait in index as - individual value
                  - half sib family mean
                  - full sib family mean
                  - progeny test mean
  1  1  volume      1  1  0  0
  2  2  stemst      1  1  0  0
  3  3  branch      1  1  0  0
  4  4  densty      1  1  0  0

 economic weights for indices 1 to   1
      trait      index  1    index 
  1volume          0.0300
  2stemst          1.0000
  3branch          1.0000
  4densty          0.5000

 phenotypic (co)variances - I,H,F,O partitions
            2207.6466
               3.1471              2.8040
               5.7883              0.8767              2.3713
             -89.1232             -0.6352              0.8763            359.7926
             232.4560             -1.9763             -0.6221            -33.3262            232.4560
              -1.9763              0.2452              0.0339              0.0842             -1.9763
               0.2452
              -0.6221              0.0339              0.1993              0.1807             -0.6221
               0.0339              0.1993
             -33.3262              0.0842              0.1807             70.8152            -33.3262
               0.0842              0.1807             70.8152
            1253.9797             -0.6162              2.0049            -75.5629            238.4623
              -2.0639             -0.6577            -34.5663           1253.9797
              -0.6162              1.5406              0.4371             -0.2035             -2.0639
               0.2508              0.0338              0.0888             -0.6162              1.5406
               2.0049              0.4371              1.2944              0.5899             -0.6577
               0.0338              0.2037              0.1868              2.0049              0.4371
               1.2944
             -75.5629             -0.2035              0.5899            238.6708            -34.5663
               0.0888              0.1868             73.1662            -75.5629             -0.2035
               0.5899            238.6708
             300.3128             -4.3795             -1.7784            -62.0027             84.0876
              -1.2263             -0.4980            -17.3607            225.2346             -3.2847
              -1.3338            -46.5020           2207.6466
              -4.3795              0.2772             -0.0025              0.2283             -1.2263
               0.0776             -0.0007              0.0639             -3.2847              0.2079
              -0.0018              0.1713              3.1471              2.8040
              -1.7784             -0.0025              0.2176              0.3035             -0.4980
              -0.0007              0.0609              0.0850             -1.3338             -0.0018
               0.1632              0.2276              5.7883              0.8767              2.3713
             -62.0027              0.2283              0.3035            117.5490            -17.3607
               0.0639              0.0850             32.9137            -46.5020              0.1713
               0.2276             88.1617            -89.1232             -0.6352              0.8763
             359.7926

 genetic (co)variances - I,H,F,O partitions
             600.6256
              -8.7591              0.5544
              -3.5569             -0.0049              0.4352
            -124.0053              0.4567              0.6069            235.0980
             168.1752             -2.4525             -0.9959            -34.7215            168.1752
              -2.4525              0.1552             -0.0014              0.1279             -2.4525
               0.1552
              -0.9959             -0.0014              0.1219              0.1699             -0.9959
              -0.0014              0.1219
             -34.7215              0.1279              0.1699             65.8274            -34.7215
               0.1279              0.1699             65.8274
             450.4692             -6.5693             -2.6677            -93.0040            174.1814
              -2.5401             -1.0315            -35.9615            450.4692
              -6.5693              0.4158             -0.0037              0.3425             -2.5401
               0.1608             -0.0014              0.1324             -6.5693              0.4158
              -2.6677             -0.0037              0.3264              0.4552             -1.0315
              -0.0014              0.1262              0.1760             -2.6677             -0.0037
               0.3264
             -93.0040              0.3425              0.4552            176.3235            -35.9615
               0.1324              0.1760             68.1784            -93.0040              0.3425
               0.4552            176.3235
             300.3128             -4.3795             -1.7784            -62.0027             84.0876
              -1.2263             -0.4980            -17.3607            225.2346             -3.2847
              -1.3338            -46.5020            600.6256
              -4.3795              0.2772             -0.0025              0.2283             -1.2263
               0.0776             -0.0007              0.0639             -3.2847              0.2079
              -0.0018              0.1713             -8.7591              0.5544
              -1.7784             -0.0025              0.2176              0.3035             -0.4980
              -0.0007              0.0609              0.0850             -1.3338             -0.0018
               0.1632              0.2276             -3.5569             -0.0049              0.4352
             -62.0027              0.2283              0.3035            117.5490            -17.3607
               0.0639              0.0850             32.9137            -46.5020              0.1713
               0.2276             88.1617           -124.0053              0.4567              0.6069
             235.0980

 phenotypic standard deviations - I,H,F,O partitions
              46.9856              1.6745              1.5399             18.9682             15.2465
               0.4952              0.4464              8.4152             35.4116              1.2412
               1.1377             15.4490             46.9856              1.6745              1.5399
              18.9682

 genetic standard deviations - I,H,F,O partitions
              24.5077              0.7446              0.6597             15.3329             12.9682
               0.3940              0.3491              8.1134             21.2243              0.6448
               0.5713             13.2787             24.5077              0.7446              0.6597
              15.3329

          ----------------------------------------------------------------------------------------------------

          ----------------------------------------------------------------------------------------------------

          ----------------------------------------------------------------------------------------------------

 ALL TRAITS UNRESTRICTED COMBINED INDEX

0inverse ph covariance matrix
               0.0011
              -0.0022              0.9324
              -0.0029             -0.3748              1.0950
               0.0001              0.0042             -0.0043              0.0085
               0.0000             -0.0004             -0.0002             -0.0000              0.0060
              -0.0004              0.0343             -0.0202              0.0002              0.0375
               5.4140
              -0.0002             -0.0202              0.0397             -0.0002              0.0041
              -1.0151              6.2821
              -0.0000              0.0002             -0.0002              0.0005              0.0025
               0.0167             -0.0132              0.0219
              -0.0011              0.0022              0.0029             -0.0001             -0.0011
               0.0008              0.0027             -0.0002              0.0021
               0.0022             -0.9326              0.3750             -0.0040              0.0008
              -0.9265              0.3517             -0.0026             -0.0027              1.8240
               0.0029              0.3750             -1.0964              0.0043              0.0027
               0.3517             -1.1015              0.0040             -0.0054             -0.7081
               2.1552
              -0.0001             -0.0040              0.0043             -0.0084             -0.0002
              -0.0026              0.0040             -0.0068              0.0004              0.0065
              -0.0081              0.0148
              -0.0000              0.0005              0.0002              0.0000             -0.0001
               0.0003              0.0005             -0.0000             -0.0000              0.0003
               0.0001              0.0000              0.0005
               0.0005             -0.0320              0.0195             -0.0006              0.0003
              -0.0814              0.0415              0.0002              0.0003             -0.0212
               0.0130             -0.0000             -0.0004              0.4144
               0.0002              0.0195             -0.0343              0.0002              0.0005
               0.0415             -0.1037              0.0005              0.0001              0.0130
              -0.0249              0.0001             -0.0012             -0.1560              0.4907
               0.0000             -0.0006              0.0002             -0.0008             -0.0000
               0.0002              0.0005             -0.0004              0.0000             -0.0000
               0.0001             -0.0003              0.0001              0.0013             -0.0018
               0.0032
0p-inverse * g = x
               0.1589             -0.0025             -0.0012             -0.0254             -0.0023
               0.0000              0.0000              0.0000             -0.0023              0.0001
               0.0000              0.0007              0.0546             -0.0008             -0.0004
              -0.0025
              -2.0489              0.1303             -0.0379              0.3281              0.0183
              -0.0021              0.0005              0.0003              0.0437             -0.0017
               0.0005             -0.0096             -0.5867              0.0483             -0.0141
               0.0140
              -0.4541             -0.0453              0.1183             -0.0339              0.0082
               0.0005             -0.0022              0.0001              0.0022              0.0008
              -0.0011              0.0007             -0.2044             -0.0155              0.0475
              -0.0033
              -0.2309              0.0012              0.0006              0.4613              0.0004
               0.0000              0.0000             -0.0031              0.0063             -0.0000
              -0.0000             -0.0103             -0.0255             -0.0002             -0.0000
               0.0930
               0.3681             -0.0016             -0.0015              0.0136              0.6530
              -0.0059             -0.0038             -0.0169              0.3973             -0.0019
              -0.0017              0.0139              0.1426             -0.0001             -0.0004
               0.0086
              -0.9306              0.3581             -0.0494             -0.2651             -4.3545
               0.5998             -0.1208              0.0804             -1.1320              0.3853
              -0.0556             -0.2795              0.0793              0.1431             -0.0116
              -0.1354
              -1.0863             -0.0440              0.3889             -0.0078             -2.0350
              -0.1261              0.6175             -0.0482             -1.1951             -0.0504
               0.4175             -0.0084             -0.3545             -0.0075              0.1593
              -0.0022
               0.1107             -0.0021             -0.0013              0.2517             -0.1723
              -0.0014             -0.0008              0.9197              0.1119             -0.0022
              -0.0014              0.2824              0.0740             -0.0008             -0.0006
               0.0547
               0.0982             -0.0013             -0.0007             -0.0032              0.0024
              -0.0000             -0.0000              0.0001              0.2593             -0.0039
              -0.0020             -0.0301              0.0357             -0.0004             -0.0003
               0.0010
              -0.9852              0.0877             -0.0247              0.0067             -0.0054
               0.0024             -0.0003             -0.0014             -3.1054              0.2192
              -0.0632              0.3551             -0.2702              0.0333             -0.0087
              -0.0296
              -0.3731             -0.0269              0.0877             -0.0049             -0.0066
              -0.0003              0.0026             -0.0001             -0.8228             -0.0732
               0.2059             -0.0401             -0.1537             -0.0088              0.0353
               0.0000
              -0.0342             -0.0004             -0.0001              0.1524              0.0006
              -0.0000             -0.0000              0.0018             -0.2778              0.0009
               0.0006              0.6318              0.0068             -0.0003             -0.0001
               0.0315
               0.0782             -0.0010             -0.0006             -0.0017              0.0093
              -0.0000             -0.0000              0.0003              0.0509             -0.0006
              -0.0004             -0.0004              0.2493             -0.0037             -0.0019
              -0.0286
              -0.7186              0.0706             -0.0189             -0.0063             -0.0311
               0.0090             -0.0014             -0.0060             -0.4253              0.0465
              -0.0119             -0.0132             -2.9513              0.2110             -0.0603
               0.3387
              -0.2954             -0.0202              0.0716             -0.0034             -0.0285
              -0.0013              0.0097             -0.0002             -0.1932             -0.0125
               0.0478             -0.0017             -0.7910             -0.0697              0.1988
              -0.0387
              -0.0192             -0.0003             -0.0001              0.1109              0.0022
              -0.0001             -0.0000              0.0072             -0.0064             -0.0003
              -0.0001              0.0644             -0.2645              0.0009              0.0005
               0.6041
0g-inverse
               0.0115              0.1775              0.0881              0.0055              0.0006
               0.0098              0.0048              0.0003             -0.0108             -0.1677
              -0.0832             -0.0052             -0.0018             -0.0273             -0.0135
              -0.0008
               0.1775             10.5940              1.4739              0.0693              0.0098
               0.5827              0.0811              0.0038             -0.1677            -10.0062
              -1.3921             -0.0654             -0.0273             -1.6263             -0.2263
              -0.0106
               0.0881              1.4739             10.6937              0.0160              0.0048
               0.0811              0.5881              0.0009             -0.0832             -1.3921
             -10.1003             -0.0151             -0.0135             -0.2263             -1.6416
              -0.0025
               0.0055              0.0693              0.0160              0.0212              0.0003
               0.0038              0.0009              0.0012             -0.0052             -0.0654
              -0.0151             -0.0200             -0.0008             -0.0106             -0.0025
              -0.0033
               0.0006              0.0098              0.0048              0.0003              0.0158
               0.2441              0.1212              0.0075             -0.0067             -0.1041
              -0.0517             -0.0032             -0.0000             -0.0000             -0.0000
              -0.0000
               0.0098              0.5827              0.0811              0.0038              0.2441
              14.5664              2.0265              0.0952             -0.1041             -6.2150
              -0.8647             -0.0406             -0.0000             -0.0000             -0.0000
              -0.0000
               0.0048              0.0811              0.5881              0.0009              0.1212
               2.0265             14.7035              0.0220             -0.0517             -0.8647
              -6.2735             -0.0094             -0.0000             -0.0000             -0.0000
              -0.0000
               0.0003              0.0038              0.0009              0.0012              0.0075
               0.0952              0.0220              0.0291             -0.0032             -0.0406
              -0.0094             -0.0124             -0.0000             -0.0000             -0.0000
              -0.0000
              -0.0108             -0.1677             -0.0832             -0.0052             -0.0067
              -0.1041             -0.0517             -0.0032              0.0170              0.2624
               0.1303              0.0081              0.0000              0.0000              0.0000
               0.0000
              -0.1677            -10.0062             -1.3921             -0.0654             -0.1041
              -6.2150             -0.8647             -0.0406              0.2624             15.6618
               2.1789              0.1024              0.0000              0.0000              0.0000
               0.0000
              -0.0832             -1.3921            -10.1003             -0.0151             -0.0517
              -0.8647             -6.2735             -0.0094              0.1303              2.1789
              15.8092              0.0237              0.0000              0.0000              0.0000
               0.0000
              -0.0052             -0.0654             -0.0151             -0.0200             -0.0032
              -0.0406             -0.0094             -0.0124              0.0081              0.1024
               0.0237              0.0313              0.0000              0.0000              0.0000
               0.0000
              -0.0018             -0.0273             -0.0135             -0.0008             -0.0000
              -0.0000              0.0000             -0.0000              0.0000              0.0000
               0.0000              0.0000              0.0035              0.0545              0.0271
               0.0017
              -0.0273             -1.6263             -0.2263             -0.0106             -0.0000
              -0.0000             -0.0000             -0.0000              0.0000              0.0000
               0.0000              0.0000              0.0545              3.2525              0.4525
               0.0213
              -0.0135             -0.2263             -1.6416             -0.0025             -0.0000
              -0.0000              0.0000             -0.0000              0.0000              0.0000
               0.0000              0.0000              0.0271              0.4525              3.2831
               0.0049
              -0.0008             -0.0106             -0.0025             -0.0033             -0.0000
              -0.0000              0.0000             -0.0000              0.0000              0.0000
               0.0000              0.0000              0.0017              0.0213              0.0049
               0.0065

          ----------------------------------------------------------------------------------------------------
0  economic wts set  1
               0.0300              1.0000              1.0000              0.5000
0 coefficients for unrestricted index
0             -0.0116              0.1950              0.0425              0.2255              0.0147
               0.1483              0.3085              0.1258             -0.0007              0.0368
               0.0471              0.0747             -0.0000              0.0271              0.0408
               0.0544
0genetic gain for unrestricted index in economic weight units per unit selection differential per generation =         6.3430
0cov(hi) =             40.2331
0v(i) =              40.2331   v(h) =              56.8993   r(ih) =               0.8409

 genetic covariance between y(j) and index
             -50.6142              0.3812              0.3166             82.1075            -16.8366
               0.1135              0.1259             30.0540            -40.6065              0.2980
               0.2629             67.1397            -30.6760              0.2206              0.1964
              50.6809
0correlated change in y(j) in actual units per unit selection differential per generation
              -7.9796              0.0601              0.0499             12.9447             -2.6544
               0.0179              0.0198              4.7382             -6.4018              0.0470
               0.0414             10.5849             -4.8362              0.0348              0.0310
               7.9901

 genetic correlation between y(j) and index
              -0.2738              0.0679              0.0636              0.7099             -0.1721
               0.0382              0.0478              0.4911             -0.2536              0.0613
               0.0610              0.6703             -0.1659              0.0393              0.0395
               0.4382

          ----------------------------------------------------------------------------------------------------

          ----------------------------------------------------------------------------------------------------

          ----------------------------------------------------------------------------------------------------

 SELECTED TRAITS UNRESTRICTED COMBINED INDEX


 q matrix - constraint equations lhs
               0.                  0.                  0.                  0.                  0.    
               0.                  0.                  0.                  1.0000              0.    
               0.                  0.                  0.                  0.                  0.    
               0.    
               0.                  0.                  0.                  0.                  0.    
               0.                  0.                  0.                  0.                  1.0000
               0.                  0.                  0.                  0.                  0.    
               0.    
               0.                  0.                  0.                  0.                  0.    
               0.                  0.                  0.                  0.                  0.    
               1.0000              0.                  0.                  0.                  0.    
               0.    
               0.                  0.                  0.                  0.                  0.    
               0.                  0.                  0.                  0.                  0.    
               0.                  1.0000              0.                  0.                  0.    
               0.    
               0.                  0.                  0.                  0.                  0.    
               0.                  0.                  0.                  0.                  0.    
               0.                  0.                  1.0000              0.                  0.    
               0.    
               0.                  0.                  0.                  0.                  0.    
               0.                  0.                  0.                  0.                  0.    
               0.                  0.                  0.                  1.0000              0.    
               0.    
               0.                  0.                  0.                  0.                  0.    
               0.                  0.                  0.                  0.                  0.    
               0.                  0.                  0.                  0.                  1.0000
               0.    
               0.                  0.                  0.                  0.                  0.    
               0.                  0.                  0.                  0.                  0.    
               0.                  0.                  0.                  0.                  0.    
               1.0000

 u vector - constraint equations rhs
               0.                  0.                  0.                  0.                  0.    
               0.                  0.                  0.    
0q * p-inverse * q = w
               0.0021             -0.0027             -0.0054              0.0004             -0.0000
               0.0003              0.0001              0.0000
              -0.0027              1.8240             -0.7081              0.0065              0.0003
              -0.0212              0.0130             -0.0000
              -0.0054             -0.7081              2.1552             -0.0081              0.0001
               0.0130             -0.0249              0.0001
               0.0004              0.0065             -0.0081              0.0148              0.0000
              -0.0000              0.0001             -0.0003
              -0.0000              0.0003              0.0001              0.0000              0.0005
              -0.0004             -0.0012              0.0001
               0.0003             -0.0212              0.0130             -0.0000             -0.0004
               0.4144             -0.1560              0.0013
               0.0001              0.0130             -0.0249              0.0001             -0.0012
              -0.1560              0.4907             -0.0018
               0.0000             -0.0000              0.0001             -0.0003              0.0001
               0.0013             -0.0018              0.0032
0w-inverse
             486.1067              1.3930              1.6421            -11.5285             24.1502
              -0.3002             -0.1351             -1.7853
               1.3930              0.6331              0.2107             -0.1955             -0.3002
               0.0251              0.0008             -0.0163
               1.6421              0.2107              0.5382              0.1621             -0.1351
               0.0008              0.0211              0.0097
             -11.5285             -0.1955              0.1621             68.2372             -1.7853
              -0.0163              0.0097              5.5259
              24.1502             -0.3002             -0.1351             -1.7853           2140.6806
               4.3690              6.2410            -63.6658
              -0.3002              0.0251              0.0008             -0.0163              4.3690
               2.7530              0.8822             -0.8087
              -0.1351              0.0008              0.0211              0.0097              6.2410
               0.8822              2.3369              0.7554
              -1.7853             -0.0163              0.0097              5.5259            -63.6658
              -0.8087              0.7554            319.2036
0q * w-inverse * q = v
               0.                  0.                  0.                  0.                  0.    
               0.                  0.                  0.                  0.                  0.    
               0.                  0.                  0.                  0.                  0.    
               0.    
               0.                  0.                  0.                  0.                  0.    
               0.                  0.                  0.                  0.                  0.    
               0.                  0.                  0.                  0.                  0.    
               0.    
               0.                  0.                  0.                  0.                  0.    
               0.                  0.                  0.                  0.                  0.    
               0.                  0.                  0.                  0.                  0.    
               0.    
               0.                  0.                  0.                  0.                  0.    
               0.                  0.                  0.                  0.                  0.    
               0.                  0.                  0.                  0.                  0.    
               0.    
               0.                  0.                  0.                  0.                  0.    
               0.                  0.                  0.                  0.                  0.    
               0.                  0.                  0.                  0.                  0.    
               0.    
               0.                  0.                  0.                  0.                  0.    
               0.                  0.                  0.                  0.                  0.    
               0.                  0.                  0.                  0.                  0.    
               0.    
               0.                  0.                  0.                  0.                  0.    
               0.                  0.                  0.                  0.                  0.    
               0.                  0.                  0.                  0.                  0.    
               0.    
               0.                  0.                  0.                  0.                  0.    
               0.                  0.                  0.                  0.                  0.    
               0.                  0.                  0.                  0.                  0.    
               0.    
               0.                  0.                  0.                  0.                  0.    
               0.                  0.                  0.                486.1067              1.3930
               1.6421            -11.5285             24.1502             -0.3002             -0.1351
              -1.7853
               0.                  0.                  0.                  0.                  0.    
               0.                  0.                  0.                  1.3930              0.6331
               0.2107             -0.1955             -0.3002              0.0251              0.0008
              -0.0163
               0.                  0.                  0.                  0.                  0.    
               0.                  0.                  0.                  1.6421              0.2107
               0.5382              0.1621             -0.1351              0.0008              0.0211
               0.0097
               0.                  0.                  0.                  0.                  0.    
               0.                  0.                  0.                -11.5285             -0.1955
               0.1621             68.2372             -1.7853             -0.0163              0.0097
               5.5259
               0.                  0.                  0.                  0.                  0.    
               0.                  0.                  0.                 24.1502             -0.3002
              -0.1351             -1.7853           2140.6806              4.3690              6.2410
             -63.6658
               0.                  0.                  0.                  0.                  0.    
               0.                  0.                  0.                 -0.3002              0.0251
               0.0008             -0.0163              4.3690              2.7530              0.8822
              -0.8087
               0.                  0.                  0.                  0.                  0.    
               0.                  0.                  0.                 -0.1351              0.0008
               0.0211              0.0097              6.2410              0.8822              2.3369
               0.7554
               0.                  0.                  0.                  0.                  0.    
               0.                  0.                  0.                 -1.7853             -0.0163
               0.0097              5.5259            -63.6658             -0.8087              0.7554
             319.2036
0p-inverse * v = pv
               0.                  0.                  0.                  0.                  0.    
               0.                  0.                  0.                 -0.5144              0.0005
               0.0003              0.0047             -0.1103              0.0017              0.0008
               0.0148
               0.                  0.                  0.                  0.                  0.    
               0.                  0.                  0.                  0.4411             -0.5086
               0.0086             -0.0581              1.3808             -0.0920              0.0269
              -0.1820
               0.                  0.                  0.                  0.                  0.    
               0.                  0.                  0.                  0.1073              0.0101
              -0.5063              0.0062              0.3358              0.0316             -0.0850
               0.0194
               0.                  0.                  0.                  0.                  0.    
               0.                  0.                  0.                  0.0434             -0.0002
              -0.0001             -0.5720              0.1358             -0.0005             -0.0003
              -0.2905
               0.                  0.                  0.                  0.                  0.    
               0.                  0.                  0.                 -0.5090             -0.0003
              -0.0001             -0.0041             -0.2179              0.0013              0.0010
              -0.0065
               0.                  0.                  0.                  0.                  0.    
               0.                  0.                  0.                 -0.2850             -0.5130
              -0.0042              0.0554              0.8042             -0.2095              0.0339
               0.1434
               0.                  0.                  0.                  0.                  0.    
               0.                  0.                  0.                 -0.0340             -0.0056
              -0.5159             -0.0045              0.6893              0.0318             -0.2256
               0.0048
               0.                  0.                  0.                  0.                  0.    
               0.                  0.                  0.                 -0.0373              0.0002
               0.0001             -0.4609             -0.0503              0.0012              0.0007
              -0.1704
               0.                  0.                  0.                  0.                  0.    
               0.                  0.                  0.                  1.0000             -0.0000
              -0.0000             -0.0000             -0.0000              0.0000             -0.0000
              -0.0000
               0.                  0.                  0.                  0.                  0.    
               0.                  0.                  0.                  0.0000              1.0000
              -0.0000             -0.0000             -0.0000              0.0000             -0.0000
               0.0000
               0.                  0.                  0.                  0.                  0.    
               0.                  0.                  0.                 -0.0000             -0.0000
               1.0000              0.0000             -0.0000              0.0000              0.0000
              -0.0000
               0.                  0.                  0.                  0.                  0.    
               0.                  0.                  0.                  0.0000              0.0000
              -0.0000              1.0000             -0.0000              0.0000             -0.0000
               0.    
               0.                  0.                  0.                  0.                  0.    
               0.                  0.                  0.                 -0.0000              0.0000
               0.0000              0.0000              1.0000             -0.0000              0.0000
               0.    
               0.                  0.                  0.                  0.                  0.    
               0.                  0.                  0.                  0.0000             -0.0000
               0.0000              0.                 -0.0000              1.0000             -0.0000
               0.    
               0.                  0.                  0.                  0.                  0.    
               0.                  0.                  0.                  0.0000              0.0000
              -0.0000              0.                 -0.0000             -0.0000              1.0000
               0.0000
               0.                  0.                  0.                  0.                  0.    
               0.                  0.                  0.                  0.                  0.    
              -0.0000              0.0000             -0.0000             -0.0000              0.0000
               1.0000
0i - pv = pv
               1.0000              0.                  0.                  0.                  0.    
               0.                  0.                  0.                  0.5144             -0.0005
              -0.0003             -0.0047              0.1103             -0.0017             -0.0008
              -0.0148
               0.                  1.0000              0.                  0.                  0.    
               0.                  0.                  0.                 -0.4411              0.5086
              -0.0086              0.0581             -1.3808              0.0920             -0.0269
               0.1820
               0.                  0.                  1.0000              0.                  0.    
               0.                  0.                  0.                 -0.1073             -0.0101
               0.5063             -0.0062             -0.3358             -0.0316              0.0850
              -0.0194
               0.                  0.                  0.                  1.0000              0.    
               0.                  0.                  0.                 -0.0434              0.0002
               0.0001              0.5720             -0.1358              0.0005              0.0003
               0.2905
               0.                  0.                  0.                  0.                  1.0000
               0.                  0.                  0.                  0.5090              0.0003
               0.0001              0.0041              0.2179             -0.0013             -0.0010
               0.0065
               0.                  0.                  0.                  0.                  0.    
               1.0000              0.                  0.                  0.2850              0.5130
               0.0042             -0.0554             -0.8042              0.2095             -0.0339
              -0.1434
               0.                  0.                  0.                  0.                  0.    
               0.                  1.0000              0.                  0.0340              0.0056
               0.5159              0.0045             -0.6893             -0.0318              0.2256
              -0.0048
               0.                  0.                  0.                  0.                  0.    
               0.                  0.                  1.0000              0.0373             -0.0002
              -0.0001              0.4609              0.0503             -0.0012             -0.0007
               0.1704
               0.                  0.                  0.                  0.                  0.    
               0.                  0.                  0.                 -0.0000              0.0000
               0.0000              0.0000              0.0000             -0.0000              0.0000
               0.0000
               0.                  0.                  0.                  0.                  0.    
               0.                  0.                  0.                 -0.0000             -0.0000
               0.0000              0.0000              0.0000             -0.0000              0.0000
              -0.0000
               0.                  0.                  0.                  0.                  0.    
               0.                  0.                  0.                  0.0000              0.0000
              -0.0000             -0.0000              0.0000             -0.0000             -0.0000
               0.0000
               0.                  0.                  0.                  0.                  0.    
               0.                  0.                  0.                 -0.0000             -0.0000
               0.0000              0.0000              0.0000             -0.0000              0.0000
               0.    
               0.                  0.                  0.                  0.                  0.    
               0.                  0.                  0.                  0.0000             -0.0000
              -0.0000             -0.0000              0.0000              0.0000             -0.0000
               0.    
               0.                  0.                  0.                  0.                  0.    
               0.                  0.                  0.                 -0.0000              0.0000
              -0.0000              0.                  0.0000              0.0000              0.0000
               0.    
               0.                  0.                  0.                  0.                  0.    
               0.                  0.                  0.                 -0.0000             -0.0000
               0.0000              0.                  0.0000              0.0000              0.0000
              -0.0000
               0.                  0.                  0.                  0.                  0.    
               0.                  0.                  0.                  0.                  0.    
               0.0000             -0.0000              0.0000              0.0000             -0.0000
               0.    
0q * w-inverse * u = s
               0.                  0.                  0.                  0.                  0.    
               0.                  0.                  0.                  0.                  0.    
               0.                  0.                  0.                  0.                  0.    
               0.    
0p-inverse * s = ps
               0.                  0.                  0.                  0.                  0.    
               0.                  0.                  0.                  0.                  0.    
               0.                  0.                  0.                  0.                  0.    
               0.    

          ----------------------------------------------------------------------------------------------------

 economic weights set no   1
0pv * unrestricted-b = t
              -0.0133              0.2293              0.0672              0.2841              0.0149
               0.1595              0.3414              0.1694              0.0000             -0.0000
              -0.0000              0.0000             -0.0000              0.0000             -0.0000
              -0.0000
0restricted index coefficients
              -0.0133              0.2293              0.0672              0.2841              0.0149
               0.1595              0.3414              0.1694              0.0000             -0.0000
              -0.0000              0.0000             -0.0000              0.0000             -0.0000
              -0.0000
0genetic gain for restricted index in economic weight units per unit selection differential per generation =              6.2329
0cov(hi) =             38.8488

 v(i) =              38.8488   v(h) =              56.8993   r(i,h) =               0.8263
0genetic covariance between y(j) and i
             -49.5775              0.3825              0.3032             79.3008            -16.8379
               0.1139              0.1247             29.9181            -38.3562              0.2896
               0.2432             62.5366            -24.7888              0.1913              0.1516
              39.6504

 correlated change in y(j) in actual units per unit selection differential per generation
              -7.9542              0.0614              0.0486             12.7230             -2.7015
               0.0183              0.0200              4.8000             -6.1539              0.0465
               0.0390             10.0333             -3.9771              0.0307              0.0243
               6.3615
0genetic correlation between y(j) and i
              -0.2682              0.0681              0.0609              0.6856             -0.1721
               0.0383              0.0474              0.4889             -0.2396              0.0595
               0.0564              0.6243             -0.1341              0.0341              0.0305
               0.3428

          ----------------------------------------------------------------------------------------------------

          ----------------------------------------------------------------------------------------------------

          ----------------------------------------------------------------------------------------------------

 SELECTED TRAITS RESTRICTED COMBINED INDEX


 no of sets of restrictions =    0
